<?xml version="1.0" encoding="UTF-8"?>
<testsuites name="DemoSuite1_1" time="11" tests="2" failures="0" errors="1">
   <testsuite name="DemoSuite1_1" tests="2" failures="0" errors="1" time="11" timestamp="2018-08-27 21:19:05" hostname="E004398 - HW1692.cignitiglobal.com" id="Test Suites/DemoSuite1_1">
      <properties>
         <property name="deviceName" value=""/>
         <property name="devicePlatform" value=""/>
         <property name="logFolder" value="C:\\Users\\E004398\\Katalon Studio\\Guardant\\Reports\\DemoSuite1_1\\20180827_211903"/>
         <property name="logFiles" value="C:\\Users\\E004398\\Katalon Studio\\Guardant\\Reports\\DemoSuite1_1\\20180827_211903\\execution0.log"/>
         <property name="attachments" value="C:\\Users\\E004398\\Katalon Studio\\Guardant\\Reports\\DemoSuite1_1\\20180827_211903\\1535384948917.png"/>
         <property name="hostName" value="E004398 - HW1692.cignitiglobal.com"/>
         <property name="os" value="Windows 7 64bit"/>
         <property name="katalonVersion" value="5.6.1.1"/>
         <property name="browser" value="Chrome 68.0.3440.106"/>
         <property name="hostAddress" value="10.222.55.120"/>
         <property name="sessionId" value="4e46593c77cdfa84143024a539419b10"/>
         <property name="seleniumVersion" value="3.7.1"/>
         <property name="proxyInformation" value="ProxyInformation{proxyOption=NO_PROXY, proxyServerType=HTTP, password=, proxyServerAddress=, proxyServerPort=0}"/>
         <property name="platform" value="Windows 7"/>
      </properties>
      <testcase name="Test Cases/DemoTest/Login" classname="Test Cases/DemoTest/Login" status="PASSED">
         <system-out><![CDATA[2018-08-27 21:19:05 - [TEST_CASE][PASSED] - Test Cases/DemoTest/Login: Test Cases/DemoTest/Login

2018-08-27 21:19:05 - [TEST_STEP][PASSED] - openBrowser: Browser is opened with url: ''

2018-08-27 21:19:08 - [MESSAGE][PASSED] - Browser is opened with url: ''

2018-08-27 21:19:08 - [TEST_STEP][PASSED] - deleteAllCookies: Delete all cookies successfully

2018-08-27 21:19:08 - [MESSAGE][PASSED] - Delete all cookies successfully

2018-08-27 21:19:08 - [TEST_STEP][PASSED] - takeScreenshot: Taking screenshot successfully

2018-08-27 21:19:09 - [MESSAGE][PASSED] - Taking screenshot successfully
[[ATTACHMENT|C:\\Users\\E004398\\Katalon Studio\\Guardant\\Reports\\DemoSuite1_1\\20180827_211903\\1535384948917.png]]

2018-08-27 21:19:09 - [TEST_STEP][PASSED] - navigateToUrl: Navigate to 'http://10.4.80.97:8080/ghlims/logon.jsp' successfully

2018-08-27 21:19:11 - [MESSAGE][PASSED] - Navigate to 'http://10.4.80.97:8080/ghlims/logon.jsp' successfully

2018-08-27 21:19:11 - [TEST_STEP][PASSED] - maximizeWindow: Current window maximized

2018-08-27 21:19:13 - [MESSAGE][PASSED] - Current window maximized

2018-08-27 21:19:13 - [TEST_STEP][PASSED] - setText: Text 'admin' is set on object 'Object Repository/Page_LABVANTAGE Logon/input_username'

2018-08-27 21:19:13 - [MESSAGE][PASSED] - Text 'admin' is set on object 'Object Repository/Page_LABVANTAGE Logon/input_username'

2018-08-27 21:19:13 - [TEST_STEP][PASSED] - setText: Text 'admin' is set on object 'Object Repository/Page_LABVANTAGE Logon/input_password'

2018-08-27 21:19:13 - [MESSAGE][PASSED] - Text 'admin' is set on object 'Object Repository/Page_LABVANTAGE Logon/input_password'

2018-08-27 21:19:13 - [TEST_STEP][PASSED] - click: Object: 'Object Repository/Page_LABVANTAGE Logon/button_Logon' is clicked on

2018-08-27 21:19:14 - [MESSAGE][PASSED] - Object: 'Object Repository/Page_LABVANTAGE Logon/button_Logon' is clicked on]]></system-out>
         <system-err><![CDATA[]]></system-err>
      </testcase>
      <testcase name="Test Cases/DemoTest/CreateDE1_1" classname="Test Cases/DemoTest/CreateDE1_1" status="ERROR">
         <error type="ERROR" message="Test Cases/DemoTest/CreateDE1_1 FAILED because (of) org.codehaus.groovy.control.MultipleCompilationErrorsException: startup failed:
file:/C:/Users/E004398/Katalon%20Studio/Guardant/Scripts/DemoTest/CreateDE1_1/Script1535372604203.groovy: 53: unable to resolve class XSSFWorkbook 
 @ line 53, column 16.
   		XSSFWorkbook workbook = new XSSFWorkbook(file);
                  ^

file:/C:/Users/E004398/Katalon%20Studio/Guardant/Scripts/DemoTest/CreateDE1_1/Script1535372604203.groovy: 53: unable to resolve class XSSFWorkbook 
 @ line 53, column 27.
   		XSSFWorkbook workbook = new XSSFWorkbook(file);
                             ^

file:/C:/Users/E004398/Katalon%20Studio/Guardant/Scripts/DemoTest/CreateDE1_1/Script1535372604203.groovy: 54: unable to resolve class XSSFSheet 
 @ line 54, column 13.
   		XSSFSheet sheet = workbook.getSheetAt(0);
               ^

3 errors
"/>
         <system-out><![CDATA[2018-08-27 21:19:14 - [TEST_CASE][ERROR] - Test Cases/DemoTest/CreateDE1_1: Test Cases/DemoTest/CreateDE1_1 FAILED because (of) org.codehaus.groovy.control.MultipleCompilationErrorsException: startup failed:
file:/C:/Users/E004398/Katalon%20Studio/Guardant/Scripts/DemoTest/CreateDE1_1/Script1535372604203.groovy: 53: unable to resolve class XSSFWorkbook 
 @ line 53, column 16.
   		XSSFWorkbook workbook = new XSSFWorkbook(file);
                  ^

file:/C:/Users/E004398/Katalon%20Studio/Guardant/Scripts/DemoTest/CreateDE1_1/Script1535372604203.groovy: 53: unable to resolve class XSSFWorkbook 
 @ line 53, column 27.
   		XSSFWorkbook workbook = new XSSFWorkbook(file);
                             ^

file:/C:/Users/E004398/Katalon%20Studio/Guardant/Scripts/DemoTest/CreateDE1_1/Script1535372604203.groovy: 54: unable to resolve class XSSFSheet 
 @ line 54, column 13.
   		XSSFSheet sheet = workbook.getSheetAt(0);
               ^

3 errors]]></system-out>
         <system-err><![CDATA[2018-08-27 21:19:14 - [TEST_CASE][ERROR] - Test Cases/DemoTest/CreateDE1_1: Test Cases/DemoTest/CreateDE1_1 FAILED because (of) org.codehaus.groovy.control.MultipleCompilationErrorsException: startup failed:
file:/C:/Users/E004398/Katalon%20Studio/Guardant/Scripts/DemoTest/CreateDE1_1/Script1535372604203.groovy: 53: unable to resolve class XSSFWorkbook 
 @ line 53, column 16.
   		XSSFWorkbook workbook = new XSSFWorkbook(file);
                  ^

file:/C:/Users/E004398/Katalon%20Studio/Guardant/Scripts/DemoTest/CreateDE1_1/Script1535372604203.groovy: 53: unable to resolve class XSSFWorkbook 
 @ line 53, column 27.
   		XSSFWorkbook workbook = new XSSFWorkbook(file);
                             ^

file:/C:/Users/E004398/Katalon%20Studio/Guardant/Scripts/DemoTest/CreateDE1_1/Script1535372604203.groovy: 54: unable to resolve class XSSFSheet 
 @ line 54, column 13.
   		XSSFSheet sheet = workbook.getSheetAt(0);
               ^

3 errors]]></system-err>
      </testcase>
      <testcase name="Test Cases/DemoTest/Logoff" classname="Test Cases/DemoTest/Logoff" status="PASSED">
         <system-out><![CDATA[2018-08-27 21:19:14 - [TEST_CASE][PASSED] - Test Cases/DemoTest/Logoff: Test Cases/DemoTest/Logoff

2018-08-27 21:19:14 - [TEST_STEP][PASSED] - click: Object: 'Object Repository/Page_/Logoff' is clicked on

2018-08-27 21:19:15 - [MESSAGE][PASSED] - Object: 'Object Repository/Page_/Logoff' is clicked on]]></system-out>
         <system-err><![CDATA[]]></system-err>
      </testcase>
      <system-out><![CDATA[2018-08-27 21:19:05 - [TEST_SUITE][ERROR] - DemoSuite1_1: Test Cases/DemoTest/CreateDE1_1 FAILED because (of) org.codehaus.groovy.control.MultipleCompilationErrorsException: startup failed:
file:/C:/Users/E004398/Katalon%20Studio/Guardant/Scripts/DemoTest/CreateDE1_1/Script1535372604203.groovy: 53: unable to resolve class XSSFWorkbook 
 @ line 53, column 16.
   		XSSFWorkbook workbook = new XSSFWorkbook(file);
                  ^

file:/C:/Users/E004398/Katalon%20Studio/Guardant/Scripts/DemoTest/CreateDE1_1/Script1535372604203.groovy: 53: unable to resolve class XSSFWorkbook 
 @ line 53, column 27.
   		XSSFWorkbook workbook = new XSSFWorkbook(file);
                             ^

file:/C:/Users/E004398/Katalon%20Studio/Guardant/Scripts/DemoTest/CreateDE1_1/Script1535372604203.groovy: 54: unable to resolve class XSSFSheet 
 @ line 54, column 13.
   		XSSFSheet sheet = workbook.getSheetAt(0);
               ^

3 errors]]></system-out>
      <system-err><![CDATA[2018-08-27 21:19:05 - [TEST_SUITE][ERROR] - DemoSuite1_1: Test Cases/DemoTest/CreateDE1_1 FAILED because (of) org.codehaus.groovy.control.MultipleCompilationErrorsException: startup failed:
file:/C:/Users/E004398/Katalon%20Studio/Guardant/Scripts/DemoTest/CreateDE1_1/Script1535372604203.groovy: 53: unable to resolve class XSSFWorkbook 
 @ line 53, column 16.
   		XSSFWorkbook workbook = new XSSFWorkbook(file);
                  ^

file:/C:/Users/E004398/Katalon%20Studio/Guardant/Scripts/DemoTest/CreateDE1_1/Script1535372604203.groovy: 53: unable to resolve class XSSFWorkbook 
 @ line 53, column 27.
   		XSSFWorkbook workbook = new XSSFWorkbook(file);
                             ^

file:/C:/Users/E004398/Katalon%20Studio/Guardant/Scripts/DemoTest/CreateDE1_1/Script1535372604203.groovy: 54: unable to resolve class XSSFSheet 
 @ line 54, column 13.
   		XSSFSheet sheet = workbook.getSheetAt(0);
               ^

3 errors]]></system-err>
   </testsuite>
</testsuites>
