<?xml version="1.0" encoding="UTF-8"?>
<testsuites name="DemoSuite1_1" time="91" tests="5" failures="0" errors="0">
   <testsuite name="DemoSuite1_1" tests="5" failures="0" errors="0" time="91" timestamp="2018-08-27 21:29:17" hostname="E004398 - HW1692.cignitiglobal.com" id="Test Suites/DemoSuite1_1">
      <properties>
         <property name="deviceName" value=""/>
         <property name="devicePlatform" value=""/>
         <property name="logFolder" value="C:\\Users\\E004398\\Katalon Studio\\Guardant\\Reports\\DemoSuite1_1\\20180827_212915"/>
         <property name="logFiles" value="C:\\Users\\E004398\\Katalon Studio\\Guardant\\Reports\\DemoSuite1_1\\20180827_212915\\execution0.log"/>
         <property name="attachments" value="C:\\Users\\E004398\\Katalon Studio\\Guardant\\Reports\\DemoSuite1_1\\20180827_212915\\1535385562219.png, C:\\Users\\E004398\\Katalon Studio\\Guardant\\Reports\\DemoSuite1_1\\20180827_212915\\1535385570928.png, C:\\Users\\E004398\\Katalon Studio\\Guardant\\Reports\\DemoSuite1_1\\20180827_212915\\1535385646118.png"/>
         <property name="hostName" value="E004398 - HW1692.cignitiglobal.com"/>
         <property name="os" value="Windows 7 64bit"/>
         <property name="katalonVersion" value="5.6.1.1"/>
         <property name="browser" value="Chrome 68.0.3440.106"/>
         <property name="hostAddress" value="10.222.55.120"/>
         <property name="sessionId" value="4146bc1a749ee34323234b142a3740e0"/>
         <property name="seleniumVersion" value="3.7.1"/>
         <property name="proxyInformation" value="ProxyInformation{proxyOption=NO_PROXY, proxyServerType=HTTP, password=, proxyServerAddress=, proxyServerPort=0}"/>
         <property name="platform" value="Windows 7"/>
      </properties>
      <testcase name="Test Cases/DemoTest/Login" classname="Test Cases/DemoTest/Login" status="PASSED">
         <system-out><![CDATA[2018-08-27 21:29:17 - [TEST_CASE][PASSED] - Test Cases/DemoTest/Login: Test Cases/DemoTest/Login

2018-08-27 21:29:17 - [TEST_STEP][PASSED] - openBrowser: Browser is opened with url: ''

2018-08-27 21:29:21 - [MESSAGE][PASSED] - Browser is opened with url: ''

2018-08-27 21:29:21 - [TEST_STEP][PASSED] - deleteAllCookies: Delete all cookies successfully

2018-08-27 21:29:22 - [MESSAGE][PASSED] - Delete all cookies successfully

2018-08-27 21:29:22 - [TEST_STEP][PASSED] - takeScreenshot: Taking screenshot successfully

2018-08-27 21:29:22 - [MESSAGE][PASSED] - Taking screenshot successfully
[[ATTACHMENT|C:\\Users\\E004398\\Katalon Studio\\Guardant\\Reports\\DemoSuite1_1\\20180827_212915\\1535385562219.png]]

2018-08-27 21:29:22 - [TEST_STEP][PASSED] - navigateToUrl: Navigate to 'http://10.4.80.97:8080/ghlims/logon.jsp' successfully

2018-08-27 21:29:25 - [MESSAGE][PASSED] - Navigate to 'http://10.4.80.97:8080/ghlims/logon.jsp' successfully

2018-08-27 21:29:25 - [TEST_STEP][PASSED] - maximizeWindow: Current window maximized

2018-08-27 21:29:26 - [MESSAGE][PASSED] - Current window maximized

2018-08-27 21:29:26 - [TEST_STEP][PASSED] - setText: Text 'admin' is set on object 'Object Repository/Page_LABVANTAGE Logon/input_username'

2018-08-27 21:29:26 - [MESSAGE][PASSED] - Text 'admin' is set on object 'Object Repository/Page_LABVANTAGE Logon/input_username'

2018-08-27 21:29:26 - [TEST_STEP][PASSED] - setText: Text 'admin' is set on object 'Object Repository/Page_LABVANTAGE Logon/input_password'

2018-08-27 21:29:26 - [MESSAGE][PASSED] - Text 'admin' is set on object 'Object Repository/Page_LABVANTAGE Logon/input_password'

2018-08-27 21:29:26 - [TEST_STEP][PASSED] - click: Object: 'Object Repository/Page_LABVANTAGE Logon/button_Logon' is clicked on

2018-08-27 21:29:27 - [MESSAGE][PASSED] - Object: 'Object Repository/Page_LABVANTAGE Logon/button_Logon' is clicked on]]></system-out>
         <system-err><![CDATA[]]></system-err>
      </testcase>
      <testcase name="Test Cases/DemoTest/Login" classname="Test Cases/DemoTest/Login" status="PASSED">
         <system-out><![CDATA[2018-08-27 21:29:27 - [TEST_CASE][PASSED] - Test Cases/DemoTest/Login: Test Cases/DemoTest/Login

2018-08-27 21:29:27 - [TEST_STEP][PASSED] - openBrowser: Browser is opened with url: ''

2018-08-27 21:29:27 - [MESSAGE][WARNING] - A browser is already opened. Closing browser and opening a new one

2018-08-27 21:29:30 - [MESSAGE][PASSED] - Browser is opened with url: ''

2018-08-27 21:29:30 - [TEST_STEP][PASSED] - deleteAllCookies: Delete all cookies successfully

2018-08-27 21:29:30 - [MESSAGE][PASSED] - Delete all cookies successfully

2018-08-27 21:29:30 - [TEST_STEP][PASSED] - takeScreenshot: Taking screenshot successfully

2018-08-27 21:29:31 - [MESSAGE][PASSED] - Taking screenshot successfully
[[ATTACHMENT|C:\\Users\\E004398\\Katalon Studio\\Guardant\\Reports\\DemoSuite1_1\\20180827_212915\\1535385570928.png]]

2018-08-27 21:29:31 - [TEST_STEP][PASSED] - navigateToUrl: Navigate to 'http://10.4.80.97:8080/ghlims/logon.jsp' successfully

2018-08-27 21:29:33 - [MESSAGE][PASSED] - Navigate to 'http://10.4.80.97:8080/ghlims/logon.jsp' successfully

2018-08-27 21:29:33 - [TEST_STEP][PASSED] - maximizeWindow: Current window maximized

2018-08-27 21:29:35 - [MESSAGE][PASSED] - Current window maximized

2018-08-27 21:29:35 - [TEST_STEP][PASSED] - setText: Text 'admin' is set on object 'Object Repository/Page_LABVANTAGE Logon/input_username'

2018-08-27 21:29:35 - [MESSAGE][PASSED] - Text 'admin' is set on object 'Object Repository/Page_LABVANTAGE Logon/input_username'

2018-08-27 21:29:35 - [TEST_STEP][PASSED] - setText: Text 'admin' is set on object 'Object Repository/Page_LABVANTAGE Logon/input_password'

2018-08-27 21:29:35 - [MESSAGE][PASSED] - Text 'admin' is set on object 'Object Repository/Page_LABVANTAGE Logon/input_password'

2018-08-27 21:29:35 - [TEST_STEP][PASSED] - click: Object: 'Object Repository/Page_LABVANTAGE Logon/button_Logon' is clicked on

2018-08-27 21:29:36 - [MESSAGE][PASSED] - Object: 'Object Repository/Page_LABVANTAGE Logon/button_Logon' is clicked on]]></system-out>
         <system-err><![CDATA[]]></system-err>
      </testcase>
      <testcase name="Test Cases/DemoTest/CreateDE1_1" classname="Test Cases/DemoTest/CreateDE1_1" status="PASSED">
         <system-out><![CDATA[2018-08-27 21:29:36 - [TEST_CASE][PASSED] - Test Cases/DemoTest/CreateDE1_1: Test Cases/DemoTest/CreateDE1_1

2018-08-27 21:29:36 - [TEST_STEP][PASSED] - Statement - Try: Delayed 5 second(s)

2018-08-27 21:29:36 - [TEST_STEP][PASSED] - Statement - rnd = new java.util.Random(): null

2018-08-27 21:29:36 - [TEST_STEP][PASSED] - Statement - number = rnd.nextInt(999999): null

2018-08-27 21:29:36 - [TEST_STEP][PASSED] - Statement - strbarcode = java.lang.String.format("%06d", number): null

2018-08-27 21:29:36 - [TEST_STEP][PASSED] - click: Object: 'Object Repository/Page_Iteration/td_Accession Clinical' is clicked on

2018-08-27 21:29:37 - [MESSAGE][PASSED] - Object: 'Object Repository/Page_Iteration/td_Accession Clinical' is clicked on

2018-08-27 21:29:37 - [TEST_STEP][PASSED] - setText: Text '061567' is set on object 'Object Repository/Page_Iteration/input_trfbarcode'

2018-08-27 21:29:39 - [MESSAGE][PASSED] - Text '061567' is set on object 'Object Repository/Page_Iteration/input_trfbarcode'

2018-08-27 21:29:39 - [TEST_STEP][PASSED] - setText: Text '455126' is set on object 'Object Repository/Page_Iteration/input_trfversion'

2018-08-27 21:29:40 - [MESSAGE][PASSED] - Text '455126' is set on object 'Object Repository/Page_Iteration/input_trfversion'

2018-08-27 21:29:40 - [TEST_STEP][PASSED] - setText: Text '458543' is set on object 'Object Repository/Page_Iteration/input_trackingno'

2018-08-27 21:29:40 - [MESSAGE][PASSED] - Text '458543' is set on object 'Object Repository/Page_Iteration/input_trackingno'

2018-08-27 21:29:40 - [TEST_STEP][PASSED] - setText: Text '061567' is set on object 'Object Repository/Page_Iteration/input_tubebarcode01'

2018-08-27 21:29:40 - [MESSAGE][PASSED] - Text '061567' is set on object 'Object Repository/Page_Iteration/input_tubebarcode01'

2018-08-27 21:29:40 - [TEST_STEP][PASSED] - setText: Text '061567' is set on object 'Object Repository/Page_Iteration/input_tubebarcode02'

2018-08-27 21:29:40 - [MESSAGE][PASSED] - Text '061567' is set on object 'Object Repository/Page_Iteration/input_tubebarcode02'

2018-08-27 21:29:40 - [TEST_STEP][PASSED] - setText: Text '2' is set on object 'Object Repository/Page_Iteration/input_noofpages'

2018-08-27 21:29:40 - [MESSAGE][PASSED] - Text '2' is set on object 'Object Repository/Page_Iteration/input_noofpages'

2018-08-27 21:29:40 - [TEST_STEP][PASSED] - setText: Text 'Date' is set on object 'Object Repository/Page_Iteration/a_21'

2018-08-27 21:29:41 - [MESSAGE][PASSED] - Text 'Date' is set on object 'Object Repository/Page_Iteration/a_21'

2018-08-27 21:29:41 - [TEST_STEP][PASSED] - click: Object: 'Object Repository/Page_Iteration/input_searchbutton' is clicked on

2018-08-27 21:29:41 - [MESSAGE][PASSED] - Object: 'Object Repository/Page_Iteration/input_searchbutton' is clicked on

2018-08-27 21:29:41 - [TEST_STEP][PASSED] - switchToWindowIndex: Switched to window with index: '1'

2018-08-27 21:29:41 - [MESSAGE][PASSED] - Switched to window with index: '1'

2018-08-27 21:29:41 - [TEST_STEP][PASSED] - setText: Text 'sqa' is set on object 'Object Repository/Page_/input_firstnamesrch'

2018-08-27 21:29:42 - [MESSAGE][PASSED] - Text 'sqa' is set on object 'Object Repository/Page_/input_firstnamesrch'

2018-08-27 21:29:42 - [TEST_STEP][PASSED] - click: Object: 'Object Repository/Page_/input_Search' is clicked on

2018-08-27 21:29:42 - [MESSAGE][PASSED] - Object: 'Object Repository/Page_/input_Search' is clicked on

2018-08-27 21:29:42 - [TEST_STEP][PASSED] - click: Object: 'Object Repository/Page_/Physician_checkbox' is clicked on

2018-08-27 21:29:42 - [MESSAGE][PASSED] - Object: 'Object Repository/Page_/Physician_checkbox' is clicked on

2018-08-27 21:29:42 - [TEST_STEP][PASSED] - switchToWindowIndex: Switched to window with index: '0'

2018-08-27 21:29:42 - [MESSAGE][PASSED] - Switched to window with index: '0'

2018-08-27 21:29:42 - [TEST_STEP][PASSED] - setText: Text '321' is set on object 'Object Repository/Page_Iteration/input_icdcode01'

2018-08-27 21:29:43 - [MESSAGE][PASSED] - Text '321' is set on object 'Object Repository/Page_Iteration/input_icdcode01'

2018-08-27 21:29:43 - [TEST_STEP][PASSED] - setText: Text '422' is set on object 'Object Repository/Page_Iteration/input_icdcode02'

2018-08-27 21:29:43 - [MESSAGE][PASSED] - Text '422' is set on object 'Object Repository/Page_Iteration/input_icdcode02'

2018-08-27 21:29:43 - [TEST_STEP][PASSED] - click: Object: 'Object Repository/Page_Iteration/input_saveAccession01' is clicked on

2018-08-27 21:29:44 - [MESSAGE][PASSED] - Object: 'Object Repository/Page_Iteration/input_saveAccession01' is clicked on

2018-08-27 21:29:44 - [TEST_STEP][PASSED] - switchToWindowIndex: Switched to window with index: '1'

2018-08-27 21:29:44 - [MESSAGE][PASSED] - Switched to window with index: '1'

2018-08-27 21:29:44 - [TEST_STEP][PASSED] - delay: Delayed 5 second(s)

2018-08-27 21:29:49 - [MESSAGE][PASSED] - Delayed 5 second(s)

2018-08-27 21:29:49 - [TEST_STEP][PASSED] - uploadFile: File 'C:\Users\E004398\Downloads\A58708_preliminary_report.pdf' sent to object: 'Object Repository/Page_/Upload'

2018-08-27 21:29:50 - [MESSAGE][PASSED] - File 'C:\Users\E004398\Downloads\A58708_preliminary_report.pdf' sent to object: 'Object Repository/Page_/Upload'

2018-08-27 21:29:50 - [TEST_STEP][PASSED] - delay: Delayed 5 second(s)

2018-08-27 21:29:55 - [MESSAGE][PASSED] - Delayed 5 second(s)

2018-08-27 21:29:55 - [TEST_STEP][PASSED] - Statement - AccessingNumber = com.kms.katalon.core.webui.keyword.WebUiBuiltInKeywords.getText(com.kms.katalon.core.testobject.ObjectRepository.findTestObject(Object Repository/Page_Iteration/AccesingCode)): Text of object 'Object Repository/Page_Iteration/AccesingCode' is: 'A0119574'

2018-08-27 21:29:55 - [MESSAGE][PASSED] - Text of object 'Object Repository/Page_Iteration/AccesingCode' is: 'A0119574'

2018-08-27 21:29:55 - [TEST_STEP][PASSED] - Statement - println(AccessingNumber): null

2018-08-27 21:29:55 - [TEST_STEP][PASSED] - Statement - FilePathxls = "C:\GH\TestData\loginDemofile.xls": null

2018-08-27 21:29:55 - [TEST_STEP][PASSED] - Statement - file = new java.io.FileInputStream(new java.io.File(FilePathxls)): null

2018-08-27 21:29:55 - [TEST_STEP][PASSED] - Statement - workbook = new org.apache.poi.hssf.usermodel.HSSFWorkbook(file): null

2018-08-27 21:29:55 - [TEST_STEP][PASSED] - Statement - sheet = workbook.getSheetAt(0): null

2018-08-27 21:29:55 - [TEST_STEP][PASSED] - Statement - Data_fromCell = sheet.getRow(1).getCell(1).getStringCellValue(): null

2018-08-27 21:29:55 - [TEST_STEP][PASSED] - Statement - sheet.getRow(2).createCell(13).setCellValue(AccessingNumber): null

2018-08-27 21:29:55 - [TEST_STEP][PASSED] - Statement - file.close(): null

2018-08-27 21:29:55 - [TEST_STEP][PASSED] - Statement - outFile = new java.io.FileOutputStream(new java.io.File(FilePathxls)): null

2018-08-27 21:29:55 - [TEST_STEP][PASSED] - Statement - workbook.write(outFile): null

2018-08-27 21:29:56 - [TEST_STEP][PASSED] - Statement - outFile.close(): null

2018-08-27 21:29:56 - [TEST_STEP][PASSED] - click: Object: 'Object Repository/Page_/submitbtn' is clicked on

2018-08-27 21:29:58 - [MESSAGE][PASSED] - Object: 'Object Repository/Page_/submitbtn' is clicked on

2018-08-27 21:29:58 - [TEST_STEP][PASSED] - delay: Delayed 5 second(s)

2018-08-27 21:30:03 - [MESSAGE][PASSED] - Delayed 5 second(s)

2018-08-27 21:30:03 - [TEST_STEP][PASSED] - click: Object: 'Object Repository/Page_/closewindowBtn' is clicked on

2018-08-27 21:30:03 - [MESSAGE][PASSED] - Object: 'Object Repository/Page_/closewindowBtn' is clicked on

2018-08-27 21:30:03 - [TEST_STEP][PASSED] - switchToWindowIndex: Switched to window with index: '0'

2018-08-27 21:30:03 - [MESSAGE][PASSED] - Switched to window with index: '0'

2018-08-27 21:30:03 - [TEST_STEP][PASSED] - delay: Delayed 5 second(s)

2018-08-27 21:30:08 - [MESSAGE][PASSED] - Delayed 5 second(s)

2018-08-27 21:30:08 - [TEST_STEP][PASSED] - Statement - Finally: null]]></system-out>
         <system-err><![CDATA[]]></system-err>
      </testcase>
      <testcase name="Test Cases/DemoTest/CreateDE1_1" classname="Test Cases/DemoTest/CreateDE1_1" status="PASSED">
         <system-out><![CDATA[2018-08-27 21:30:08 - [TEST_CASE][PASSED] - Test Cases/DemoTest/CreateDE1_1: Test Cases/DemoTest/CreateDE1_1

2018-08-27 21:30:08 - [TEST_STEP][FAILED] - Statement - Try: Unable to click on object 'Object Repository/Page_Iteration/td_Accession Clinical' (Root cause: com.kms.katalon.core.webui.exception.WebElementNotFoundException: Web element with id: 'Object Repository/Page_Iteration/td_Accession Clinical' located by 'By.xpath: //td[(text() = '
                                                                Accession Clinical
                                                            ' or . = '
                                                                Accession Clinical
                                                            ')]' not found)

2018-08-27 21:30:08 - [TEST_STEP][PASSED] - Statement - rnd = new java.util.Random(): null

2018-08-27 21:30:08 - [TEST_STEP][PASSED] - Statement - number = rnd.nextInt(999999): null

2018-08-27 21:30:08 - [TEST_STEP][PASSED] - Statement - strbarcode = java.lang.String.format("%06d", number): null

2018-08-27 21:30:08 - [TEST_STEP][FAILED] - click: Unable to click on object 'Object Repository/Page_Iteration/td_Accession Clinical' (Root cause: com.kms.katalon.core.webui.exception.WebElementNotFoundException: Web element with id: 'Object Repository/Page_Iteration/td_Accession Clinical' located by 'By.xpath: //td[(text() = '
                                                                Accession Clinical
                                                            ' or . = '
                                                                Accession Clinical
                                                            ')]' not found)

2018-08-27 21:30:46 - [MESSAGE][FAILED] - Unable to click on object 'Object Repository/Page_Iteration/td_Accession Clinical' (Root cause: com.kms.katalon.core.webui.exception.WebElementNotFoundException: Web element with id: 'Object Repository/Page_Iteration/td_Accession Clinical' located by 'By.xpath: //td[(text() = '
                                                                Accession Clinical
                                                            ' or . = '
                                                                Accession Clinical
                                                            ')]' not found)
[[ATTACHMENT|C:\\Users\\E004398\\Katalon Studio\\Guardant\\Reports\\DemoSuite1_1\\20180827_212915\\1535385646118.png]]

2018-08-27 21:30:46 - [TEST_STEP][PASSED] - Statement - Catch (Exception e): null

2018-08-27 21:30:46 - [TEST_STEP][PASSED] - Statement - println("Exception Occured" + e): null

2018-08-27 21:30:46 - [TEST_STEP][PASSED] - Statement - e.printStackTrace(): null

2018-08-27 21:30:46 - [TEST_STEP][PASSED] - Statement - Finally: null]]></system-out>
         <system-err><![CDATA[]]></system-err>
      </testcase>
      <testcase name="Test Cases/DemoTest/Logoff" classname="Test Cases/DemoTest/Logoff" status="PASSED">
         <system-out><![CDATA[2018-08-27 21:30:46 - [TEST_CASE][PASSED] - Test Cases/DemoTest/Logoff: Test Cases/DemoTest/Logoff

2018-08-27 21:30:46 - [TEST_STEP][PASSED] - click: Object: 'Object Repository/Page_/Logoff' is clicked on

2018-08-27 21:30:47 - [MESSAGE][PASSED] - Object: 'Object Repository/Page_/Logoff' is clicked on]]></system-out>
         <system-err><![CDATA[]]></system-err>
      </testcase>
      <system-out><![CDATA[2018-08-27 21:29:17 - [TEST_SUITE][PASSED] - DemoSuite1_1: Test Cases/DemoTest/Logoff]]></system-out>
      <system-err><![CDATA[]]></system-err>
   </testsuite>
</testsuites>
